[ 2015-05-15T00:06:52+08:00 ] 127.0.0.1 /newlqsh/1/
INFO: [ app_begin ] --START--
INFO: ReadHtmlCache Behavior ::run [ RunTime:0.054830s ]
INFO: [ app_begin ] --END-- [ RunTime:0.055223s ]
SQL: SHOW COLUMNS FROM `tp_banner` [ RunTime:0.292125s ]
SQL: SELECT * FROM `tp_banner` ORDER BY id desc  [ RunTime:0.079455s ]
SQL: SHOW COLUMNS FROM `tp_pro` [ RunTime:0.200263s ]
SQL: SELECT * FROM `tp_pro` ORDER BY hot desc LIMIT 3   [ RunTime:0.081803s ]
SQL: SELECT * FROM `tp_pro` ORDER BY id desc LIMIT 6   [ RunTime:0.102138s ]
SQL: SHOW COLUMNS FROM `tp_company` [ RunTime:0.175563s ]
SQL: SELECT * FROM `tp_company` WHERE ( id = 1 )  [ RunTime:0.012339s ]
INFO: [ view_parse ] --START--
INFO: ParseTemplate Behavior ::run [ RunTime:0.491669s ]
INFO: [ view_parse ] --END-- [ RunTime:0.491973s ]
INFO: [ view_filter ] --START--
INFO: ContentReplace Behavior ::run [ RunTime:0.083331s ]
INFO: TokenBuild Behavior ::run [ RunTime:0.066151s ]
INFO: WriteHtmlCache Behavior ::run [ RunTime:0.002337s ]
INFO: ShowRuntime Behavior ::run [ RunTime:0.003786s ]
INFO: [ view_filter ] --END-- [ RunTime:0.156886s ]
INFO: [ view_end ] --START--
INFO: ShowPageTrace Behavior ::run [ RunTime:0.004808s ]
INFO: [ view_end ] --END-- [ RunTime:0.005136s ]

[ 2015-05-15T00:07:22+08:00 ] 127.0.0.1 /newlqsh/1/
INFO: [ app_begin ] --START--
INFO: ReadHtmlCache Behavior ::run [ RunTime:0.002156s ]
INFO: [ app_begin ] --END-- [ RunTime:0.002508s ]
SQL: SHOW COLUMNS FROM `tp_banner` [ RunTime:0.009949s ]
SQL: SELECT * FROM `tp_banner` ORDER BY id desc  [ RunTime:0.001827s ]
SQL: SHOW COLUMNS FROM `tp_pro` [ RunTime:0.009797s ]
SQL: SELECT * FROM `tp_pro` ORDER BY hot desc LIMIT 3   [ RunTime:0.001696s ]
SQL: SELECT * FROM `tp_pro` ORDER BY id desc LIMIT 6   [ RunTime:0.001024s ]
SQL: SHOW COLUMNS FROM `tp_company` [ RunTime:0.010127s ]
SQL: SELECT * FROM `tp_company` WHERE ( id = 1 )  [ RunTime:0.001814s ]
INFO: [ view_parse ] --START--
INFO: ParseTemplate Behavior ::run [ RunTime:0.061828s ]
INFO: [ view_parse ] --END-- [ RunTime:0.062154s ]
INFO: [ view_filter ] --START--
INFO: ContentReplace Behavior ::run [ RunTime:0.001957s ]
INFO: TokenBuild Behavior ::run [ RunTime:0.001901s ]
INFO: WriteHtmlCache Behavior ::run [ RunTime:0.001252s ]
INFO: ShowRuntime Behavior ::run [ RunTime:0.002151s ]
INFO: [ view_filter ] --END-- [ RunTime:0.008059s ]
INFO: [ view_end ] --START--
INFO: ShowPageTrace Behavior ::run [ RunTime:0.002753s ]
INFO: [ view_end ] --END-- [ RunTime:0.003033s ]

[ 2015-05-15T00:32:46+08:00 ] 127.0.0.1 /newlqsh/1/Admin
INFO: [ route_check ] --START--
INFO: CheckRoute Behavior ::run [ RunTime:0.005206s ]
INFO: [ route_check ] --END-- [ RunTime:0.005472s ]
INFO: [ app_begin ] --START--
INFO: ReadHtmlCache Behavior ::run [ RunTime:0.034821s ]
INFO: [ app_begin ] --END-- [ RunTime:0.035072s ]
NOTIC: [8] Undefined index: user D:\wamp\htdocs\newlqsh\1\App\Lib\Action\AdminAction.class.php 第 13 行.
INFO: [ view_parse ] --START--
INFO: ParseTemplate Behavior ::run [ RunTime:0.082958s ]
INFO: [ view_parse ] --END-- [ RunTime:0.083229s ]
INFO: [ view_filter ] --START--
INFO: ContentReplace Behavior ::run [ RunTime:0.002806s ]
INFO: TokenBuild Behavior ::run [ RunTime:0.027093s ]
INFO: WriteHtmlCache Behavior ::run [ RunTime:0.001754s ]
INFO: ShowRuntime Behavior ::run [ RunTime:0.002826s ]
INFO: [ view_filter ] --END-- [ RunTime:0.035044s ]
INFO: [ view_end ] --START--
INFO: ShowPageTrace Behavior ::run [ RunTime:0.002700s ]
INFO: [ view_end ] --END-- [ RunTime:0.002914s ]

[ 2015-05-15T00:37:49+08:00 ] 127.0.0.1 /newlqsh/1/Admin
INFO: [ route_check ] --START--
INFO: CheckRoute Behavior ::run [ RunTime:0.004599s ]
INFO: [ route_check ] --END-- [ RunTime:0.004874s ]
INFO: [ app_begin ] --START--
INFO: ReadHtmlCache Behavior ::run [ RunTime:0.002088s ]
INFO: [ app_begin ] --END-- [ RunTime:0.002327s ]
NOTIC: [8] Undefined index: user D:\wamp\htdocs\newlqsh\1\App\Lib\Action\AdminAction.class.php 第 13 行.
INFO: [ view_parse ] --START--
INFO: ParseTemplate Behavior ::run [ RunTime:0.054434s ]
INFO: [ view_parse ] --END-- [ RunTime:0.054777s ]
INFO: [ view_filter ] --START--
INFO: ContentReplace Behavior ::run [ RunTime:0.001757s ]
INFO: TokenBuild Behavior ::run [ RunTime:0.001494s ]
INFO: WriteHtmlCache Behavior ::run [ RunTime:0.001240s ]
INFO: ShowRuntime Behavior ::run [ RunTime:0.002664s ]
INFO: [ view_filter ] --END-- [ RunTime:0.007837s ]
INFO: [ view_end ] --START--
INFO: ShowPageTrace Behavior ::run [ RunTime:0.002139s ]
INFO: [ view_end ] --END-- [ RunTime:0.002313s ]

