[ 2015-05-17T14:07:09+08:00 ] 127.0.0.1 /newlqsh/1/
INFO: [ app_begin ] --START--
INFO: ReadHtmlCache Behavior ::run [ RunTime:0.001865s ]
INFO: [ app_begin ] --END-- [ RunTime:0.002053s ]
SQL: SHOW COLUMNS FROM `tp_banner` [ RunTime:0.047900s ]
SQL: SELECT * FROM `tp_banner` ORDER BY id desc  [ RunTime:0.003229s ]
SQL: SHOW COLUMNS FROM `tp_pro` [ RunTime:0.037917s ]
SQL: SELECT * FROM `tp_pro` ORDER BY hot desc LIMIT 3   [ RunTime:0.001791s ]
SQL: SELECT * FROM `tp_pro` ORDER BY id desc LIMIT 6   [ RunTime:0.001156s ]
SQL: SHOW COLUMNS FROM `tp_company` [ RunTime:0.027261s ]
SQL: SELECT * FROM `tp_company` WHERE ( id = 1 )  [ RunTime:0.014740s ]
INFO: [ view_parse ] --START--
INFO: ParseTemplate Behavior ::run [ RunTime:0.128880s ]
INFO: [ view_parse ] --END-- [ RunTime:0.129065s ]
INFO: [ view_filter ] --START--
INFO: ContentReplace Behavior ::run [ RunTime:0.001110s ]
INFO: TokenBuild Behavior ::run [ RunTime:0.000936s ]
INFO: WriteHtmlCache Behavior ::run [ RunTime:0.000765s ]
INFO: ShowRuntime Behavior ::run [ RunTime:0.001039s ]
INFO: [ view_filter ] --END-- [ RunTime:0.004116s ]
INFO: [ view_end ] --START--
INFO: ShowPageTrace Behavior ::run [ RunTime:0.001855s ]
INFO: [ view_end ] --END-- [ RunTime:0.001962s ]

[ 2015-05-17T14:07:14+08:00 ] 127.0.0.1 /newlqsh/1/Pro/pro.html
INFO: [ route_check ] --START--
INFO: CheckRoute Behavior ::run [ RunTime:0.014642s ]
INFO: [ route_check ] --END-- [ RunTime:0.014819s ]
INFO: [ app_begin ] --START--
INFO: ReadHtmlCache Behavior ::run [ RunTime:0.000808s ]
INFO: [ app_begin ] --END-- [ RunTime:0.000889s ]
NOTIC: [8] Undefined index: page D:\PHPnow\htdocs\newlqsh\1\App\Lib\Action\ProAction.class.php 第 13 行.
NOTIC: [8] Undefined index: page D:\PHPnow\htdocs\newlqsh\1\App\Lib\Action\ProAction.class.php 第 15 行.
SQL: SHOW COLUMNS FROM `tp_pro` [ RunTime:0.002054s ]
SQL: SELECT COUNT(*) AS tp_count FROM `tp_pro` LIMIT 1   [ RunTime:0.022291s ]
NOTIC: [8] Undefined index: c D:\PHPnow\htdocs\newlqsh\1\App\Lib\Action\ProAction.class.php 第 32 行.
NOTIC: [8] Undefined variable: up D:\PHPnow\htdocs\newlqsh\1\App\Lib\Action\ProAction.class.php 第 32 行.
NOTIC: [8] Undefined index: c D:\PHPnow\htdocs\newlqsh\1\App\Lib\Action\ProAction.class.php 第 33 行.
SQL: SELECT * FROM `tp_pro` ORDER BY id desc LIMIT 0,4   [ RunTime:0.000305s ]
SQL: SHOW COLUMNS FROM `tp_company` [ RunTime:0.002046s ]
SQL: SELECT * FROM `tp_company` WHERE ( id = 1 )  [ RunTime:0.000452s ]
NOTIC: [8] Undefined variable: downDisplay D:\PHPnow\htdocs\newlqsh\1\App\Lib\Action\ProAction.class.php 第 55 行.
INFO: [ view_parse ] --START--
NOTIC: [8] Undefined index: c D:\PHPnow\htdocs\newlqsh\1\App\Runtime\Cache\9e026e4412a008ea71355fcfd8d8c187.php 第 72 行.
NOTIC: [8] Undefined index: c D:\PHPnow\htdocs\newlqsh\1\App\Runtime\Cache\9e026e4412a008ea71355fcfd8d8c187.php 第 75 行.
INFO: ParseTemplate Behavior ::run [ RunTime:0.055500s ]
INFO: [ view_parse ] --END-- [ RunTime:0.055598s ]
INFO: [ view_filter ] --START--
INFO: ContentReplace Behavior ::run [ RunTime:0.000551s ]
INFO: TokenBuild Behavior ::run [ RunTime:0.000474s ]
INFO: WriteHtmlCache Behavior ::run [ RunTime:0.000364s ]
INFO: ShowRuntime Behavior ::run [ RunTime:0.000547s ]
INFO: [ view_filter ] --END-- [ RunTime:0.002110s ]
INFO: [ view_end ] --START--
INFO: ShowPageTrace Behavior ::run [ RunTime:0.000930s ]
INFO: [ view_end ] --END-- [ RunTime:0.001082s ]

[ 2015-05-17T14:07:15+08:00 ] 127.0.0.1 /newlqsh/1/Dynamic/dynamic.html
INFO: [ route_check ] --START--
INFO: CheckRoute Behavior ::run [ RunTime:0.001251s ]
INFO: [ route_check ] --END-- [ RunTime:0.001398s ]
INFO: [ app_begin ] --START--
INFO: ReadHtmlCache Behavior ::run [ RunTime:0.001196s ]
INFO: [ app_begin ] --END-- [ RunTime:0.001358s ]
NOTIC: [8] Undefined index: page D:\PHPnow\htdocs\newlqsh\1\App\Lib\Action\DynamicAction.class.php 第 12 行.
NOTIC: [8] Undefined index: page D:\PHPnow\htdocs\newlqsh\1\App\Lib\Action\DynamicAction.class.php 第 14 行.
SQL: SHOW COLUMNS FROM `tp_dynamic` [ RunTime:0.034586s ]
SQL: SELECT COUNT(*) AS tp_count FROM `tp_dynamic` LIMIT 1   [ RunTime:0.000268s ]
NOTIC: [8] Undefined index: c D:\PHPnow\htdocs\newlqsh\1\App\Lib\Action\DynamicAction.class.php 第 31 行.
NOTIC: [8] Undefined variable: up D:\PHPnow\htdocs\newlqsh\1\App\Lib\Action\DynamicAction.class.php 第 31 行.
NOTIC: [8] Undefined index: c D:\PHPnow\htdocs\newlqsh\1\App\Lib\Action\DynamicAction.class.php 第 32 行.
NOTIC: [8] Undefined variable: down D:\PHPnow\htdocs\newlqsh\1\App\Lib\Action\DynamicAction.class.php 第 32 行.
SQL: SELECT * FROM `tp_dynamic` ORDER BY id desc LIMIT 0,6   [ RunTime:0.001061s ]
SQL: SHOW COLUMNS FROM `tp_company` [ RunTime:0.001988s ]
SQL: SELECT * FROM `tp_company` WHERE ( id = 1 )  [ RunTime:0.000431s ]
INFO: [ view_parse ] --START--
NOTIC: [8] Undefined index: c D:\PHPnow\htdocs\newlqsh\1\App\Runtime\Cache\952524e04b0a9475d7ef43f5e74d7b3a.php 第 62 行.
NOTIC: [8] Undefined index: c D:\PHPnow\htdocs\newlqsh\1\App\Runtime\Cache\952524e04b0a9475d7ef43f5e74d7b3a.php 第 63 行.
INFO: ParseTemplate Behavior ::run [ RunTime:0.029060s ]
INFO: [ view_parse ] --END-- [ RunTime:0.029176s ]
INFO: [ view_filter ] --START--
INFO: ContentReplace Behavior ::run [ RunTime:0.000606s ]
INFO: TokenBuild Behavior ::run [ RunTime:0.000523s ]
INFO: WriteHtmlCache Behavior ::run [ RunTime:0.000357s ]
INFO: ShowRuntime Behavior ::run [ RunTime:0.000615s ]
INFO: [ view_filter ] --END-- [ RunTime:0.002272s ]
INFO: [ view_end ] --START--
INFO: ShowPageTrace Behavior ::run [ RunTime:0.000738s ]
INFO: [ view_end ] --END-- [ RunTime:0.000812s ]

[ 2015-05-17T14:07:15+08:00 ] 127.0.0.1 /newlqsh/1/About/about.html
INFO: [ route_check ] --START--
INFO: CheckRoute Behavior ::run [ RunTime:0.001068s ]
INFO: [ route_check ] --END-- [ RunTime:0.001236s ]
INFO: [ app_begin ] --START--
INFO: ReadHtmlCache Behavior ::run [ RunTime:0.000662s ]
INFO: [ app_begin ] --END-- [ RunTime:0.000739s ]
SQL: SHOW COLUMNS FROM `tp_company` [ RunTime:0.002039s ]
SQL: SELECT * FROM `tp_company` WHERE ( id = 1 )  [ RunTime:0.000372s ]
INFO: [ view_parse ] --START--
INFO: ParseTemplate Behavior ::run [ RunTime:0.030644s ]
INFO: [ view_parse ] --END-- [ RunTime:0.030769s ]
INFO: [ view_filter ] --START--
INFO: ContentReplace Behavior ::run [ RunTime:0.000610s ]
INFO: TokenBuild Behavior ::run [ RunTime:0.000621s ]
INFO: WriteHtmlCache Behavior ::run [ RunTime:0.000313s ]
INFO: ShowRuntime Behavior ::run [ RunTime:0.000495s ]
INFO: [ view_filter ] --END-- [ RunTime:0.002276s ]
INFO: [ view_end ] --START--
INFO: ShowPageTrace Behavior ::run [ RunTime:0.000967s ]
INFO: [ view_end ] --END-- [ RunTime:0.001111s ]

[ 2015-05-17T14:07:18+08:00 ] 127.0.0.1 /newlqsh/1/Index/index.html
INFO: [ route_check ] --START--
INFO: CheckRoute Behavior ::run [ RunTime:0.000814s ]
INFO: [ route_check ] --END-- [ RunTime:0.000935s ]
INFO: [ app_begin ] --START--
INFO: ReadHtmlCache Behavior ::run [ RunTime:0.000539s ]
INFO: [ app_begin ] --END-- [ RunTime:0.000601s ]
SQL: SHOW COLUMNS FROM `tp_banner` [ RunTime:0.001909s ]
SQL: SELECT * FROM `tp_banner` ORDER BY id desc  [ RunTime:0.000427s ]
SQL: SHOW COLUMNS FROM `tp_pro` [ RunTime:0.002049s ]
SQL: SELECT * FROM `tp_pro` ORDER BY hot desc LIMIT 3   [ RunTime:0.000393s ]
SQL: SELECT * FROM `tp_pro` ORDER BY id desc LIMIT 6   [ RunTime:0.000277s ]
SQL: SHOW COLUMNS FROM `tp_company` [ RunTime:0.002284s ]
SQL: SELECT * FROM `tp_company` WHERE ( id = 1 )  [ RunTime:0.001381s ]
INFO: [ view_parse ] --START--
INFO: ParseTemplate Behavior ::run [ RunTime:0.014314s ]
INFO: [ view_parse ] --END-- [ RunTime:0.014417s ]
INFO: [ view_filter ] --START--
INFO: ContentReplace Behavior ::run [ RunTime:0.000474s ]
INFO: TokenBuild Behavior ::run [ RunTime:0.000418s ]
INFO: WriteHtmlCache Behavior ::run [ RunTime:0.000252s ]
INFO: ShowRuntime Behavior ::run [ RunTime:0.000432s ]
INFO: [ view_filter ] --END-- [ RunTime:0.001725s ]
INFO: [ view_end ] --START--
INFO: ShowPageTrace Behavior ::run [ RunTime:0.000731s ]
INFO: [ view_end ] --END-- [ RunTime:0.000822s ]

[ 2015-05-17T18:05:18+08:00 ] 127.0.0.1 /newlqsh/1/
INFO: [ app_begin ] --START--
INFO: ReadHtmlCache Behavior ::run [ RunTime:0.002593s ]
INFO: [ app_begin ] --END-- [ RunTime:0.002739s ]
SQL: SHOW COLUMNS FROM `tp_banner` [ RunTime:0.042716s ]
SQL: SELECT * FROM `tp_banner` ORDER BY id desc  [ RunTime:0.000550s ]
SQL: SHOW COLUMNS FROM `tp_pro` [ RunTime:0.025421s ]
SQL: SELECT * FROM `tp_pro` ORDER BY hot desc LIMIT 3   [ RunTime:0.001052s ]
SQL: SELECT * FROM `tp_pro` ORDER BY id desc LIMIT 6   [ RunTime:0.000354s ]
SQL: SHOW COLUMNS FROM `tp_company` [ RunTime:0.013003s ]
SQL: SELECT * FROM `tp_company` WHERE ( id = 1 )  [ RunTime:0.001515s ]
INFO: [ view_parse ] --START--
INFO: ParseTemplate Behavior ::run [ RunTime:0.054808s ]
INFO: [ view_parse ] --END-- [ RunTime:0.054935s ]
INFO: [ view_filter ] --START--
INFO: ContentReplace Behavior ::run [ RunTime:0.001276s ]
INFO: TokenBuild Behavior ::run [ RunTime:0.002854s ]
INFO: WriteHtmlCache Behavior ::run [ RunTime:0.002015s ]
INFO: ShowRuntime Behavior ::run [ RunTime:0.003269s ]
INFO: [ view_filter ] --END-- [ RunTime:0.010143s ]
INFO: [ view_end ] --START--
INFO: ShowPageTrace Behavior ::run [ RunTime:0.002963s ]
INFO: [ view_end ] --END-- [ RunTime:0.003549s ]

[ 2015-05-17T18:05:24+08:00 ] 127.0.0.1 /newlqsh/1/Pro/pro.html
INFO: [ route_check ] --START--
INFO: CheckRoute Behavior ::run [ RunTime:0.030481s ]
INFO: [ route_check ] --END-- [ RunTime:0.030577s ]
INFO: [ app_begin ] --START--
INFO: ReadHtmlCache Behavior ::run [ RunTime:0.000719s ]
INFO: [ app_begin ] --END-- [ RunTime:0.000801s ]
NOTIC: [8] Undefined index: page D:\PHPnow\htdocs\newlqsh\1\App\Lib\Action\ProAction.class.php 第 13 行.
NOTIC: [8] Undefined index: page D:\PHPnow\htdocs\newlqsh\1\App\Lib\Action\ProAction.class.php 第 15 行.
SQL: SHOW COLUMNS FROM `tp_pro` [ RunTime:0.002139s ]
SQL: SELECT COUNT(*) AS tp_count FROM `tp_pro` LIMIT 1   [ RunTime:0.000300s ]
NOTIC: [8] Undefined index: c D:\PHPnow\htdocs\newlqsh\1\App\Lib\Action\ProAction.class.php 第 32 行.
NOTIC: [8] Undefined variable: up D:\PHPnow\htdocs\newlqsh\1\App\Lib\Action\ProAction.class.php 第 32 行.
NOTIC: [8] Undefined index: c D:\PHPnow\htdocs\newlqsh\1\App\Lib\Action\ProAction.class.php 第 33 行.
SQL: SELECT * FROM `tp_pro` ORDER BY id desc LIMIT 0,4   [ RunTime:0.000313s ]
SQL: SHOW COLUMNS FROM `tp_company` [ RunTime:0.002117s ]
SQL: SELECT * FROM `tp_company` WHERE ( id = 1 )  [ RunTime:0.001375s ]
NOTIC: [8] Undefined variable: downDisplay D:\PHPnow\htdocs\newlqsh\1\App\Lib\Action\ProAction.class.php 第 55 行.
INFO: [ view_parse ] --START--
NOTIC: [8] Undefined index: c D:\PHPnow\htdocs\newlqsh\1\App\Runtime\Cache\9e026e4412a008ea71355fcfd8d8c187.php 第 72 行.
NOTIC: [8] Undefined index: c D:\PHPnow\htdocs\newlqsh\1\App\Runtime\Cache\9e026e4412a008ea71355fcfd8d8c187.php 第 75 行.
INFO: ParseTemplate Behavior ::run [ RunTime:0.048237s ]
INFO: [ view_parse ] --END-- [ RunTime:0.048325s ]
INFO: [ view_filter ] --START--
INFO: ContentReplace Behavior ::run [ RunTime:0.000490s ]
INFO: TokenBuild Behavior ::run [ RunTime:0.000500s ]
INFO: WriteHtmlCache Behavior ::run [ RunTime:0.000327s ]
INFO: ShowRuntime Behavior ::run [ RunTime:0.000482s ]
INFO: [ view_filter ] --END-- [ RunTime:0.001951s ]
INFO: [ view_end ] --START--
INFO: ShowPageTrace Behavior ::run [ RunTime:0.000641s ]
INFO: [ view_end ] --END-- [ RunTime:0.000734s ]

[ 2015-05-17T18:06:43+08:00 ] 127.0.0.1 /newlqsh/1/Index/index.html
INFO: [ route_check ] --START--
INFO: CheckRoute Behavior ::run [ RunTime:0.001449s ]
INFO: [ route_check ] --END-- [ RunTime:0.001577s ]
INFO: [ app_begin ] --START--
INFO: ReadHtmlCache Behavior ::run [ RunTime:0.000917s ]
INFO: [ app_begin ] --END-- [ RunTime:0.001008s ]
SQL: SHOW COLUMNS FROM `tp_banner` [ RunTime:0.001921s ]
SQL: SELECT * FROM `tp_banner` ORDER BY id desc  [ RunTime:0.000497s ]
SQL: SHOW COLUMNS FROM `tp_pro` [ RunTime:0.003385s ]
SQL: SELECT * FROM `tp_pro` ORDER BY hot desc LIMIT 3   [ RunTime:0.001688s ]
SQL: SELECT * FROM `tp_pro` ORDER BY id desc LIMIT 6   [ RunTime:0.000648s ]
SQL: SHOW COLUMNS FROM `tp_company` [ RunTime:0.006596s ]
SQL: SELECT * FROM `tp_company` WHERE ( id = 1 )  [ RunTime:0.001416s ]
INFO: [ view_parse ] --START--
INFO: ParseTemplate Behavior ::run [ RunTime:0.014124s ]
INFO: [ view_parse ] --END-- [ RunTime:0.014248s ]
INFO: [ view_filter ] --START--
INFO: ContentReplace Behavior ::run [ RunTime:0.000661s ]
INFO: TokenBuild Behavior ::run [ RunTime:0.000556s ]
INFO: WriteHtmlCache Behavior ::run [ RunTime:0.000863s ]
INFO: ShowRuntime Behavior ::run [ RunTime:0.000965s ]
INFO: [ view_filter ] --END-- [ RunTime:0.003350s ]
INFO: [ view_end ] --START--
INFO: ShowPageTrace Behavior ::run [ RunTime:0.001820s ]
INFO: [ view_end ] --END-- [ RunTime:0.002005s ]

