[ 2015-05-10T00:18:46+08:00 ] 127.0.0.1 /newlqsh/1/
INFO: [ app_begin ] --START--
INFO: ReadHtmlCache Behavior ::run [ RunTime:0.003872s ]
INFO: [ app_begin ] --END-- [ RunTime:0.004221s ]
SQL: SHOW COLUMNS FROM `tp_banner` [ RunTime:0.077284s ]
SQL: SELECT * FROM `tp_banner` ORDER BY id desc  [ RunTime:0.000981s ]
SQL: SHOW COLUMNS FROM `tp_pro` [ RunTime:0.050325s ]
SQL: SELECT * FROM `tp_pro` ORDER BY hot desc LIMIT 3   [ RunTime:0.001746s ]
SQL: SELECT * FROM `tp_pro` ORDER BY id desc LIMIT 6   [ RunTime:0.049142s ]
SQL: SHOW COLUMNS FROM `tp_company` [ RunTime:0.017785s ]
SQL: SELECT * FROM `tp_company` WHERE ( id = 1 )  [ RunTime:0.000689s ]
INFO: [ view_parse ] --START--
INFO: ParseTemplate Behavior ::run [ RunTime:0.311594s ]
INFO: [ view_parse ] --END-- [ RunTime:0.311884s ]
INFO: [ view_filter ] --START--
INFO: ContentReplace Behavior ::run [ RunTime:0.046985s ]
INFO: TokenBuild Behavior ::run [ RunTime:0.004565s ]
INFO: WriteHtmlCache Behavior ::run [ RunTime:0.019556s ]
INFO: ShowRuntime Behavior ::run [ RunTime:0.004817s ]
INFO: [ view_filter ] --END-- [ RunTime:0.076737s ]
INFO: [ view_end ] --START--
INFO: ShowPageTrace Behavior ::run [ RunTime:0.004798s ]
INFO: [ view_end ] --END-- [ RunTime:0.005057s ]

[ 2015-05-10T00:18:49+08:00 ] 127.0.0.1 /newlqsh/1/
INFO: [ app_begin ] --START--
INFO: ReadHtmlCache Behavior ::run [ RunTime:0.003804s ]
INFO: [ app_begin ] --END-- [ RunTime:0.004310s ]
SQL: SHOW COLUMNS FROM `tp_banner` [ RunTime:0.007772s ]
SQL: SELECT * FROM `tp_banner` ORDER BY id desc  [ RunTime:0.001314s ]
SQL: SHOW COLUMNS FROM `tp_pro` [ RunTime:0.008088s ]
SQL: SELECT * FROM `tp_pro` ORDER BY hot desc LIMIT 3   [ RunTime:0.001551s ]
SQL: SELECT * FROM `tp_pro` ORDER BY id desc LIMIT 6   [ RunTime:0.000824s ]
SQL: SHOW COLUMNS FROM `tp_company` [ RunTime:0.007185s ]
SQL: SELECT * FROM `tp_company` WHERE ( id = 1 )  [ RunTime:0.001563s ]
INFO: [ view_parse ] --START--
INFO: ParseTemplate Behavior ::run [ RunTime:0.051950s ]
INFO: [ view_parse ] --END-- [ RunTime:0.052174s ]
INFO: [ view_filter ] --START--
INFO: ContentReplace Behavior ::run [ RunTime:0.002112s ]
INFO: TokenBuild Behavior ::run [ RunTime:0.002379s ]
INFO: WriteHtmlCache Behavior ::run [ RunTime:0.001677s ]
INFO: ShowRuntime Behavior ::run [ RunTime:0.002820s ]
INFO: [ view_filter ] --END-- [ RunTime:0.009834s ]
INFO: [ view_end ] --START--
INFO: ShowPageTrace Behavior ::run [ RunTime:0.007034s ]
INFO: [ view_end ] --END-- [ RunTime:0.007333s ]

[ 2015-05-10T00:18:51+08:00 ] 127.0.0.1 /newlqsh/1/About/about.html
INFO: [ route_check ] --START--
INFO: CheckRoute Behavior ::run [ RunTime:0.009989s ]
INFO: [ route_check ] --END-- [ RunTime:0.010386s ]
INFO: [ app_begin ] --START--
INFO: ReadHtmlCache Behavior ::run [ RunTime:0.002425s ]
INFO: [ app_begin ] --END-- [ RunTime:0.002768s ]
SQL: SHOW COLUMNS FROM `tp_company` [ RunTime:0.007976s ]
SQL: SELECT * FROM `tp_company` WHERE ( id = 1 )  [ RunTime:0.002057s ]
INFO: [ view_parse ] --START--
INFO: ParseTemplate Behavior ::run [ RunTime:0.058489s ]
INFO: [ view_parse ] --END-- [ RunTime:0.058790s ]
INFO: [ view_filter ] --START--
INFO: ContentReplace Behavior ::run [ RunTime:0.001170s ]
INFO: TokenBuild Behavior ::run [ RunTime:0.001145s ]
INFO: WriteHtmlCache Behavior ::run [ RunTime:0.000968s ]
INFO: ShowRuntime Behavior ::run [ RunTime:0.001327s ]
INFO: [ view_filter ] --END-- [ RunTime:0.005077s ]
INFO: [ view_end ] --START--
INFO: ShowPageTrace Behavior ::run [ RunTime:0.001816s ]
INFO: [ view_end ] --END-- [ RunTime:0.001984s ]

[ 2015-05-10T00:18:53+08:00 ] 127.0.0.1 /newlqsh/1/About/about.html
INFO: [ route_check ] --START--
INFO: CheckRoute Behavior ::run [ RunTime:0.003655s ]
INFO: [ route_check ] --END-- [ RunTime:0.004047s ]
INFO: [ app_begin ] --START--
INFO: ReadHtmlCache Behavior ::run [ RunTime:0.002664s ]
INFO: [ app_begin ] --END-- [ RunTime:0.002970s ]
SQL: SHOW COLUMNS FROM `tp_company` [ RunTime:0.009056s ]
SQL: SELECT * FROM `tp_company` WHERE ( id = 1 )  [ RunTime:0.001736s ]
INFO: [ view_parse ] --START--
INFO: ParseTemplate Behavior ::run [ RunTime:0.048920s ]
INFO: [ view_parse ] --END-- [ RunTime:0.049258s ]
INFO: [ view_filter ] --START--
INFO: ContentReplace Behavior ::run [ RunTime:0.001709s ]
INFO: TokenBuild Behavior ::run [ RunTime:0.001810s ]
INFO: WriteHtmlCache Behavior ::run [ RunTime:0.001145s ]
INFO: ShowRuntime Behavior ::run [ RunTime:0.002796s ]
INFO: [ view_filter ] --END-- [ RunTime:0.008450s ]
INFO: [ view_end ] --START--
INFO: ShowPageTrace Behavior ::run [ RunTime:0.004057s ]
INFO: [ view_end ] --END-- [ RunTime:0.004444s ]

[ 2015-05-10T00:19:04+08:00 ] 127.0.0.1 /newlqsh/1/About/newhandle
INFO: [ route_check ] --START--
INFO: CheckRoute Behavior ::run [ RunTime:0.004764s ]
INFO: [ route_check ] --END-- [ RunTime:0.005026s ]
INFO: [ app_begin ] --START--
INFO: ReadHtmlCache Behavior ::run [ RunTime:0.001695s ]
INFO: [ app_begin ] --END-- [ RunTime:0.001855s ]

[ 2015-05-10T01:19:20+08:00 ] 127.0.0.1 /newlqsh/1/
INFO: [ app_begin ] --START--
INFO: ReadHtmlCache Behavior ::run [ RunTime:0.168831s ]
INFO: [ app_begin ] --END-- [ RunTime:0.169236s ]
SQL: SHOW COLUMNS FROM `tp_banner` [ RunTime:1.503667s ]
SQL: SELECT * FROM `tp_banner` ORDER BY id desc  [ RunTime:0.520495s ]
SQL: SHOW COLUMNS FROM `tp_pro` [ RunTime:0.280693s ]
SQL: SELECT * FROM `tp_pro` ORDER BY hot desc LIMIT 3   [ RunTime:0.088985s ]
SQL: SELECT * FROM `tp_pro` ORDER BY id desc LIMIT 6   [ RunTime:0.201187s ]
SQL: SHOW COLUMNS FROM `tp_company` [ RunTime:0.125391s ]
SQL: SELECT * FROM `tp_company` WHERE ( id = 1 )  [ RunTime:0.089484s ]
INFO: [ view_parse ] --START--
INFO: ParseTemplate Behavior ::run [ RunTime:0.457637s ]
INFO: [ view_parse ] --END-- [ RunTime:0.458019s ]
INFO: [ view_filter ] --START--
INFO: ContentReplace Behavior ::run [ RunTime:0.060396s ]
INFO: TokenBuild Behavior ::run [ RunTime:0.053321s ]
INFO: WriteHtmlCache Behavior ::run [ RunTime:0.064760s ]
INFO: ShowRuntime Behavior ::run [ RunTime:0.012566s ]
INFO: [ view_filter ] --END-- [ RunTime:0.193323s ]
INFO: [ view_end ] --START--
INFO: ShowPageTrace Behavior ::run [ RunTime:0.028144s ]
INFO: [ view_end ] --END-- [ RunTime:0.028526s ]

[ 2015-05-10T10:56:27+08:00 ] 127.0.0.1 /newlqsh/1/
INFO: [ app_begin ] --START--
INFO: ReadHtmlCache Behavior ::run [ RunTime:0.003949s ]
INFO: [ app_begin ] --END-- [ RunTime:0.004302s ]
SQL: SHOW COLUMNS FROM `tp_banner` [ RunTime:0.017021s ]
SQL: SELECT * FROM `tp_banner` ORDER BY id desc  [ RunTime:0.001580s ]
SQL: SHOW COLUMNS FROM `tp_pro` [ RunTime:0.035683s ]
SQL: SELECT * FROM `tp_pro` ORDER BY hot desc LIMIT 3   [ RunTime:0.002404s ]
SQL: SELECT * FROM `tp_pro` ORDER BY id desc LIMIT 6   [ RunTime:0.001139s ]
SQL: SHOW COLUMNS FROM `tp_company` [ RunTime:0.012501s ]
SQL: SELECT * FROM `tp_company` WHERE ( id = 1 )  [ RunTime:0.001888s ]
INFO: [ view_parse ] --START--
INFO: ParseTemplate Behavior ::run [ RunTime:0.113762s ]
INFO: [ view_parse ] --END-- [ RunTime:0.114114s ]
INFO: [ view_filter ] --START--
INFO: ContentReplace Behavior ::run [ RunTime:0.004825s ]
INFO: TokenBuild Behavior ::run [ RunTime:0.002690s ]
INFO: WriteHtmlCache Behavior ::run [ RunTime:0.002134s ]
INFO: ShowRuntime Behavior ::run [ RunTime:0.002883s ]
INFO: [ view_filter ] --END-- [ RunTime:0.013454s ]
INFO: [ view_end ] --START--
INFO: ShowPageTrace Behavior ::run [ RunTime:0.010573s ]
INFO: [ view_end ] --END-- [ RunTime:0.010864s ]

[ 2015-05-10T10:58:30+08:00 ] 127.0.0.1 /newlqsh/1/Admin
INFO: [ route_check ] --START--
INFO: CheckRoute Behavior ::run [ RunTime:0.023094s ]
INFO: [ route_check ] --END-- [ RunTime:0.023544s ]
INFO: [ app_begin ] --START--
INFO: ReadHtmlCache Behavior ::run [ RunTime:0.002090s ]
INFO: [ app_begin ] --END-- [ RunTime:0.002306s ]
NOTIC: [8] Undefined index: user D:\wamp\htdocs\newlqsh\1\App\Lib\Action\AdminAction.class.php 第 13 行.
INFO: [ view_parse ] --START--
INFO: ParseTemplate Behavior ::run [ RunTime:0.074506s ]
INFO: [ view_parse ] --END-- [ RunTime:0.074836s ]
INFO: [ view_filter ] --START--
INFO: ContentReplace Behavior ::run [ RunTime:0.001868s ]
INFO: TokenBuild Behavior ::run [ RunTime:0.002058s ]
INFO: WriteHtmlCache Behavior ::run [ RunTime:0.001671s ]
INFO: ShowRuntime Behavior ::run [ RunTime:0.002530s ]
INFO: [ view_filter ] --END-- [ RunTime:0.008974s ]
INFO: [ view_end ] --START--
INFO: ShowPageTrace Behavior ::run [ RunTime:0.003373s ]
INFO: [ view_end ] --END-- [ RunTime:0.003725s ]

[ 2015-05-10T10:58:36+08:00 ] 127.0.0.1 /newlqsh/1/Admin/login.html
INFO: [ route_check ] --START--
INFO: CheckRoute Behavior ::run [ RunTime:0.005493s ]
INFO: [ route_check ] --END-- [ RunTime:0.005916s ]
INFO: [ app_begin ] --START--
INFO: ReadHtmlCache Behavior ::run [ RunTime:0.002880s ]
INFO: [ app_begin ] --END-- [ RunTime:0.003274s ]
INFO: [ view_parse ] --START--
INFO: ParseTemplate Behavior ::run [ RunTime:0.064300s ]
INFO: [ view_parse ] --END-- [ RunTime:0.064958s ]
INFO: [ view_filter ] --START--
INFO: ContentReplace Behavior ::run [ RunTime:0.002201s ]
INFO: TokenBuild Behavior ::run [ RunTime:0.002265s ]
INFO: WriteHtmlCache Behavior ::run [ RunTime:0.003824s ]
INFO: ShowRuntime Behavior ::run [ RunTime:0.002826s ]
INFO: [ view_filter ] --END-- [ RunTime:0.012118s ]
INFO: [ view_end ] --START--
INFO: ShowPageTrace Behavior ::run [ RunTime:0.003656s ]
INFO: [ view_end ] --END-- [ RunTime:0.003959s ]

[ 2015-05-10T10:58:37+08:00 ] 127.0.0.1 /newlqsh/1/Admin/banner
INFO: [ route_check ] --START--
INFO: CheckRoute Behavior ::run [ RunTime:0.003627s ]
INFO: [ route_check ] --END-- [ RunTime:0.004025s ]
INFO: [ app_begin ] --START--
INFO: ReadHtmlCache Behavior ::run [ RunTime:0.003030s ]
INFO: [ app_begin ] --END-- [ RunTime:0.003372s ]
INFO: [ view_parse ] --START--
NOTIC: [8] Use of undefined constant banner - assumed 'banner' D:\wamp\htdocs\newlqsh\1\App\Runtime\Cache\55862c03ca76446c3614d67d4748dffb.php 第 34 行.
INFO: ParseTemplate Behavior ::run [ RunTime:0.097504s ]
INFO: [ view_parse ] --END-- [ RunTime:0.097859s ]
INFO: [ view_filter ] --START--
INFO: ContentReplace Behavior ::run [ RunTime:0.001797s ]
INFO: TokenBuild Behavior ::run [ RunTime:0.002032s ]
INFO: WriteHtmlCache Behavior ::run [ RunTime:0.001146s ]
INFO: ShowRuntime Behavior ::run [ RunTime:0.001948s ]
INFO: [ view_filter ] --END-- [ RunTime:0.007726s ]
INFO: [ view_end ] --START--
INFO: ShowPageTrace Behavior ::run [ RunTime:0.002880s ]
INFO: [ view_end ] --END-- [ RunTime:0.003154s ]

[ 2015-05-10T10:58:39+08:00 ] 127.0.0.1 /newlqsh/1/Admin/banner/c/del.html
INFO: [ route_check ] --START--
INFO: CheckRoute Behavior ::run [ RunTime:0.004012s ]
INFO: [ route_check ] --END-- [ RunTime:0.004370s ]
INFO: [ app_begin ] --START--
INFO: ReadHtmlCache Behavior ::run [ RunTime:0.002553s ]
INFO: [ app_begin ] --END-- [ RunTime:0.002835s ]
SQL: SHOW COLUMNS FROM `tp_banner` [ RunTime:0.010923s ]
SQL: SELECT * FROM `tp_banner` ORDER BY id desc  [ RunTime:0.021253s ]
INFO: [ view_parse ] --START--
NOTIC: [8] Use of undefined constant banner - assumed 'banner' D:\wamp\htdocs\newlqsh\1\App\Runtime\Cache\5c972f3ecd0898e7ec6867031b858a17.php 第 33 行.
NOTIC: [8] Undefined variable: v D:\wamp\htdocs\newlqsh\1\App\Runtime\Cache\5c972f3ecd0898e7ec6867031b858a17.php 第 54 行.
INFO: ParseTemplate Behavior ::run [ RunTime:0.081610s ]
INFO: [ view_parse ] --END-- [ RunTime:0.081994s ]
INFO: [ view_filter ] --START--
INFO: ContentReplace Behavior ::run [ RunTime:0.001692s ]
INFO: TokenBuild Behavior ::run [ RunTime:0.001807s ]
INFO: WriteHtmlCache Behavior ::run [ RunTime:0.001207s ]
INFO: ShowRuntime Behavior ::run [ RunTime:0.002350s ]
INFO: [ view_filter ] --END-- [ RunTime:0.007853s ]
INFO: [ view_end ] --START--
INFO: ShowPageTrace Behavior ::run [ RunTime:0.002194s ]
INFO: [ view_end ] --END-- [ RunTime:0.002443s ]

[ 2015-05-10T10:58:45+08:00 ] 127.0.0.1 /newlqsh/1/Admin/bannerdeleteone/id/27.html
INFO: [ route_check ] --START--
INFO: CheckRoute Behavior ::run [ RunTime:0.014427s ]
INFO: [ route_check ] --END-- [ RunTime:0.014809s ]
INFO: [ app_begin ] --START--
INFO: ReadHtmlCache Behavior ::run [ RunTime:0.002418s ]
INFO: [ app_begin ] --END-- [ RunTime:0.002693s ]
SQL: SHOW COLUMNS FROM `tp_banner` [ RunTime:0.020303s ]
SQL: DELETE FROM `tp_banner` WHERE ( id =27 ) [ RunTime:0.001802s ]
INFO: [ view_parse ] --START--
INFO: ParseTemplate Behavior ::run [ RunTime:0.052043s ]
INFO: [ view_parse ] --END-- [ RunTime:0.052390s ]
INFO: [ view_filter ] --START--
INFO: ContentReplace Behavior ::run [ RunTime:0.001646s ]
INFO: TokenBuild Behavior ::run [ RunTime:0.001859s ]
INFO: WriteHtmlCache Behavior ::run [ RunTime:0.001365s ]
INFO: ShowRuntime Behavior ::run [ RunTime:0.001906s ]
INFO: [ view_filter ] --END-- [ RunTime:0.007541s ]
INFO: [ view_end ] --START--
INFO: ShowPageTrace Behavior ::run [ RunTime:0.002608s ]
INFO: [ view_end ] --END-- [ RunTime:0.002872s ]

[ 2015-05-10T10:58:46+08:00 ] 127.0.0.1 /newlqsh/1/Admin/banner/c/del.html
INFO: [ route_check ] --START--
INFO: CheckRoute Behavior ::run [ RunTime:0.003682s ]
INFO: [ route_check ] --END-- [ RunTime:0.004285s ]
INFO: [ app_begin ] --START--
INFO: ReadHtmlCache Behavior ::run [ RunTime:0.001864s ]
INFO: [ app_begin ] --END-- [ RunTime:0.002104s ]
SQL: SHOW COLUMNS FROM `tp_banner` [ RunTime:0.023342s ]
SQL: SELECT * FROM `tp_banner` ORDER BY id desc  [ RunTime:0.001192s ]
INFO: [ view_parse ] --START--
NOTIC: [8] Use of undefined constant banner - assumed 'banner' D:\wamp\htdocs\newlqsh\1\App\Runtime\Cache\5c972f3ecd0898e7ec6867031b858a17.php 第 33 行.
NOTIC: [8] Undefined variable: v D:\wamp\htdocs\newlqsh\1\App\Runtime\Cache\5c972f3ecd0898e7ec6867031b858a17.php 第 54 行.
INFO: ParseTemplate Behavior ::run [ RunTime:0.052871s ]
INFO: [ view_parse ] --END-- [ RunTime:0.053174s ]
INFO: [ view_filter ] --START--
INFO: ContentReplace Behavior ::run [ RunTime:0.001955s ]
INFO: TokenBuild Behavior ::run [ RunTime:0.002313s ]
INFO: WriteHtmlCache Behavior ::run [ RunTime:0.001451s ]
INFO: ShowRuntime Behavior ::run [ RunTime:0.002095s ]
INFO: [ view_filter ] --END-- [ RunTime:0.008665s ]
INFO: [ view_end ] --START--
INFO: ShowPageTrace Behavior ::run [ RunTime:0.002866s ]
INFO: [ view_end ] --END-- [ RunTime:0.003160s ]

[ 2015-05-10T10:58:48+08:00 ] 127.0.0.1 /newlqsh/1/Index/index.html
INFO: [ route_check ] --START--
INFO: CheckRoute Behavior ::run [ RunTime:0.002577s ]
INFO: [ route_check ] --END-- [ RunTime:0.002845s ]
INFO: [ app_begin ] --START--
INFO: ReadHtmlCache Behavior ::run [ RunTime:0.001726s ]
INFO: [ app_begin ] --END-- [ RunTime:0.001962s ]
SQL: SHOW COLUMNS FROM `tp_banner` [ RunTime:0.008952s ]
SQL: SELECT * FROM `tp_banner` ORDER BY id desc  [ RunTime:0.001592s ]
SQL: SHOW COLUMNS FROM `tp_pro` [ RunTime:0.006522s ]
SQL: SELECT * FROM `tp_pro` ORDER BY hot desc LIMIT 3   [ RunTime:0.002653s ]
SQL: SELECT * FROM `tp_pro` ORDER BY id desc LIMIT 6   [ RunTime:0.001050s ]
SQL: SHOW COLUMNS FROM `tp_company` [ RunTime:0.008133s ]
SQL: SELECT * FROM `tp_company` WHERE ( id = 1 )  [ RunTime:0.006660s ]
INFO: [ view_parse ] --START--
INFO: ParseTemplate Behavior ::run [ RunTime:0.057271s ]
INFO: [ view_parse ] --END-- [ RunTime:0.057539s ]
INFO: [ view_filter ] --START--
INFO: ContentReplace Behavior ::run [ RunTime:0.001933s ]
INFO: TokenBuild Behavior ::run [ RunTime:0.002056s ]
INFO: WriteHtmlCache Behavior ::run [ RunTime:0.002667s ]
INFO: ShowRuntime Behavior ::run [ RunTime:0.005295s ]
INFO: [ view_filter ] --END-- [ RunTime:0.012672s ]
INFO: [ view_end ] --START--
INFO: ShowPageTrace Behavior ::run [ RunTime:0.003301s ]
INFO: [ view_end ] --END-- [ RunTime:0.003528s ]

