[ 2015-06-03T12:46:27+08:00 ] 127.0.0.1 /newlqsh/1/
INFO: [ app_begin ] --START--
INFO: ReadHtmlCache Behavior ::run [ RunTime:0.011270s ]
INFO: [ app_begin ] --END-- [ RunTime:0.012009s ]
SQL: SHOW COLUMNS FROM `tp_banner` [ RunTime:0.088904s ]
SQL: SELECT * FROM `tp_banner` ORDER BY id desc  [ RunTime:0.000413s ]
SQL: SHOW COLUMNS FROM `tp_pro` [ RunTime:0.019231s ]
SQL: SELECT * FROM `tp_pro` ORDER BY hot desc LIMIT 3   [ RunTime:0.067714s ]
SQL: SELECT * FROM `tp_pro` ORDER BY id desc LIMIT 6   [ RunTime:0.001300s ]
SQL: SHOW COLUMNS FROM `tp_company` [ RunTime:0.007051s ]
SQL: SELECT * FROM `tp_company` WHERE ( id = 1 )  [ RunTime:0.000638s ]
INFO: [ view_parse ] --START--
INFO: ParseTemplate Behavior ::run [ RunTime:0.167336s ]
INFO: [ view_parse ] --END-- [ RunTime:0.167495s ]
INFO: [ view_filter ] --START--
INFO: ContentReplace Behavior ::run [ RunTime:0.013973s ]
INFO: TokenBuild Behavior ::run [ RunTime:0.000976s ]
INFO: WriteHtmlCache Behavior ::run [ RunTime:0.000755s ]
INFO: ShowRuntime Behavior ::run [ RunTime:0.000916s ]
INFO: [ view_filter ] --END-- [ RunTime:0.016890s ]
INFO: [ view_end ] --START--
INFO: ShowPageTrace Behavior ::run [ RunTime:0.001753s ]
INFO: [ view_end ] --END-- [ RunTime:0.001900s ]

[ 2015-06-03T12:47:50+08:00 ] 127.0.0.1 /newlqsh/1/Pro/pro.html
INFO: [ route_check ] --START--
INFO: CheckRoute Behavior ::run [ RunTime:0.027041s ]
INFO: [ route_check ] --END-- [ RunTime:0.027153s ]
INFO: [ app_begin ] --START--
INFO: ReadHtmlCache Behavior ::run [ RunTime:0.000686s ]
INFO: [ app_begin ] --END-- [ RunTime:0.000756s ]
NOTIC: [8] Undefined index: page D:\WWW\newlqsh\1\App\Lib\Action\ProAction.class.php 第 13 行.
NOTIC: [8] Undefined index: page D:\WWW\newlqsh\1\App\Lib\Action\ProAction.class.php 第 15 行.
SQL: SHOW COLUMNS FROM `tp_pro` [ RunTime:0.008000s ]
SQL: SELECT COUNT(*) AS tp_count FROM `tp_pro` LIMIT 1   [ RunTime:0.001120s ]
NOTIC: [8] Undefined index: c D:\WWW\newlqsh\1\App\Lib\Action\ProAction.class.php 第 32 行.
NOTIC: [8] Undefined variable: up D:\WWW\newlqsh\1\App\Lib\Action\ProAction.class.php 第 32 行.
NOTIC: [8] Undefined index: c D:\WWW\newlqsh\1\App\Lib\Action\ProAction.class.php 第 33 行.
SQL: SELECT * FROM `tp_pro` ORDER BY id desc LIMIT 0,4   [ RunTime:0.000835s ]
SQL: SHOW COLUMNS FROM `tp_company` [ RunTime:0.006701s ]
SQL: SELECT * FROM `tp_company` WHERE ( id = 1 )  [ RunTime:0.000391s ]
NOTIC: [8] Undefined variable: downDisplay D:\WWW\newlqsh\1\App\Lib\Action\ProAction.class.php 第 55 行.
INFO: [ view_parse ] --START--
NOTIC: [8] Undefined index: c D:\WWW\newlqsh\1\App\Runtime\Cache\9e026e4412a008ea71355fcfd8d8c187.php 第 72 行.
NOTIC: [8] Undefined index: c D:\WWW\newlqsh\1\App\Runtime\Cache\9e026e4412a008ea71355fcfd8d8c187.php 第 75 行.
INFO: ParseTemplate Behavior ::run [ RunTime:0.025119s ]
INFO: [ view_parse ] --END-- [ RunTime:0.025239s ]
INFO: [ view_filter ] --START--
INFO: ContentReplace Behavior ::run [ RunTime:0.000715s ]
INFO: TokenBuild Behavior ::run [ RunTime:0.001893s ]
INFO: WriteHtmlCache Behavior ::run [ RunTime:0.001188s ]
INFO: ShowRuntime Behavior ::run [ RunTime:0.000659s ]
INFO: [ view_filter ] --END-- [ RunTime:0.005074s ]
INFO: [ view_end ] --START--
INFO: ShowPageTrace Behavior ::run [ RunTime:0.000695s ]
INFO: [ view_end ] --END-- [ RunTime:0.000768s ]

[ 2015-06-03T12:47:54+08:00 ] 127.0.0.1 /newlqsh/1/Pro/pdetail/id/23.html
INFO: [ route_check ] --START--
INFO: CheckRoute Behavior ::run [ RunTime:0.001734s ]
INFO: [ route_check ] --END-- [ RunTime:0.002130s ]
INFO: [ app_begin ] --START--
INFO: ReadHtmlCache Behavior ::run [ RunTime:0.000951s ]
INFO: [ app_begin ] --END-- [ RunTime:0.001172s ]
SQL: SHOW COLUMNS FROM `tp_pro` [ RunTime:0.043291s ]
SQL: SELECT * FROM `tp_pro` WHERE ( id =23 )  [ RunTime:0.000352s ]
SQL: SELECT * FROM `tp_pro` WHERE ( id <23 ) ORDER BY id desc LIMIT 1   [ RunTime:0.000365s ]
SQL: SELECT * FROM `tp_pro` WHERE ( id >23 ) ORDER BY id asc LIMIT 1   [ RunTime:0.000273s ]
SQL: SHOW COLUMNS FROM `tp_company` [ RunTime:0.004469s ]
SQL: SELECT * FROM `tp_company` WHERE ( id = 1 )  [ RunTime:0.000349s ]
NOTIC: [8] Undefined variable: upDisplay D:\WWW\newlqsh\1\App\Lib\Action\ProAction.class.php 第 93 行.
INFO: [ view_parse ] --START--
INFO: ParseTemplate Behavior ::run [ RunTime:0.058621s ]
INFO: [ view_parse ] --END-- [ RunTime:0.058799s ]
INFO: [ view_filter ] --START--
INFO: ContentReplace Behavior ::run [ RunTime:0.000416s ]
INFO: TokenBuild Behavior ::run [ RunTime:0.000695s ]
INFO: WriteHtmlCache Behavior ::run [ RunTime:0.000413s ]
INFO: ShowRuntime Behavior ::run [ RunTime:0.000735s ]
INFO: [ view_filter ] --END-- [ RunTime:0.002509s ]
INFO: [ view_end ] --START--
INFO: ShowPageTrace Behavior ::run [ RunTime:0.001245s ]
INFO: [ view_end ] --END-- [ RunTime:0.001356s ]

[ 2015-06-03T12:47:56+08:00 ] 127.0.0.1 /newlqsh/1/Index/index.html
INFO: [ route_check ] --START--
INFO: CheckRoute Behavior ::run [ RunTime:0.000723s ]
INFO: [ route_check ] --END-- [ RunTime:0.000830s ]
INFO: [ app_begin ] --START--
INFO: ReadHtmlCache Behavior ::run [ RunTime:0.000520s ]
INFO: [ app_begin ] --END-- [ RunTime:0.000587s ]
SQL: SHOW COLUMNS FROM `tp_banner` [ RunTime:0.004819s ]
SQL: SELECT * FROM `tp_banner` ORDER BY id desc  [ RunTime:0.000276s ]
SQL: SHOW COLUMNS FROM `tp_pro` [ RunTime:0.003117s ]
SQL: SELECT * FROM `tp_pro` ORDER BY hot desc LIMIT 3   [ RunTime:0.000282s ]
SQL: SELECT * FROM `tp_pro` ORDER BY id desc LIMIT 6   [ RunTime:0.000260s ]
SQL: SHOW COLUMNS FROM `tp_company` [ RunTime:0.003162s ]
SQL: SELECT * FROM `tp_company` WHERE ( id = 1 )  [ RunTime:0.000288s ]
INFO: [ view_parse ] --START--
INFO: ParseTemplate Behavior ::run [ RunTime:0.012345s ]
INFO: [ view_parse ] --END-- [ RunTime:0.012458s ]
INFO: [ view_filter ] --START--
INFO: ContentReplace Behavior ::run [ RunTime:0.000540s ]
INFO: TokenBuild Behavior ::run [ RunTime:0.000412s ]
INFO: WriteHtmlCache Behavior ::run [ RunTime:0.000306s ]
INFO: ShowRuntime Behavior ::run [ RunTime:0.000433s ]
INFO: [ view_filter ] --END-- [ RunTime:0.001871s ]
INFO: [ view_end ] --START--
INFO: ShowPageTrace Behavior ::run [ RunTime:0.000742s ]
INFO: [ view_end ] --END-- [ RunTime:0.000972s ]

