[ 2015-05-09T16:34:11+08:00 ] 127.0.0.1 /newlqsh/1/
INFO: [ app_begin ] --START--
INFO: ReadHtmlCache Behavior ::run [ RunTime:0.006544s ]
INFO: [ app_begin ] --END-- [ RunTime:0.006969s ]
SQL: SHOW COLUMNS FROM `tp_banner` [ RunTime:0.031194s ]
SQL: SELECT * FROM `tp_banner` ORDER BY id desc  [ RunTime:0.001886s ]
SQL: SHOW COLUMNS FROM `tp_pro` [ RunTime:0.031158s ]
SQL: SELECT * FROM `tp_pro` ORDER BY hot desc LIMIT 3   [ RunTime:0.002683s ]
SQL: SELECT * FROM `tp_pro` ORDER BY id desc LIMIT 6   [ RunTime:0.001209s ]
SQL: SHOW COLUMNS FROM `tp_company` [ RunTime:0.014850s ]
SQL: SELECT * FROM `tp_company` WHERE ( id = 1 )  [ RunTime:0.001917s ]
INFO: [ view_parse ] --START--
INFO: ParseTemplate Behavior ::run [ RunTime:0.089686s ]
INFO: [ view_parse ] --END-- [ RunTime:0.089976s ]
INFO: [ view_filter ] --START--
INFO: ContentReplace Behavior ::run [ RunTime:0.002525s ]
INFO: TokenBuild Behavior ::run [ RunTime:0.002613s ]
INFO: WriteHtmlCache Behavior ::run [ RunTime:0.001902s ]
INFO: ShowRuntime Behavior ::run [ RunTime:0.002854s ]
INFO: [ view_filter ] --END-- [ RunTime:0.010507s ]
INFO: [ view_end ] --START--
INFO: ShowPageTrace Behavior ::run [ RunTime:0.006692s ]
INFO: [ view_end ] --END-- [ RunTime:0.007046s ]

[ 2015-05-09T20:31:17+08:00 ] 127.0.0.1 /newlqsh/1/
INFO: [ app_begin ] --START--
INFO: ReadHtmlCache Behavior ::run [ RunTime:0.004138s ]
INFO: [ app_begin ] --END-- [ RunTime:0.004556s ]
SQL: SHOW COLUMNS FROM `tp_banner` [ RunTime:0.010034s ]
SQL: SELECT * FROM `tp_banner` ORDER BY id desc  [ RunTime:0.002145s ]
SQL: SHOW COLUMNS FROM `tp_pro` [ RunTime:0.011980s ]
SQL: SELECT * FROM `tp_pro` ORDER BY hot desc LIMIT 3   [ RunTime:0.002513s ]
SQL: SELECT * FROM `tp_pro` ORDER BY id desc LIMIT 6   [ RunTime:0.000944s ]
SQL: SHOW COLUMNS FROM `tp_company` [ RunTime:0.008098s ]
SQL: SELECT * FROM `tp_company` WHERE ( id = 1 )  [ RunTime:0.000953s ]
INFO: [ view_parse ] --START--
INFO: ParseTemplate Behavior ::run [ RunTime:0.045746s ]
INFO: [ view_parse ] --END-- [ RunTime:0.046189s ]
INFO: [ view_filter ] --START--
INFO: ContentReplace Behavior ::run [ RunTime:0.002380s ]
INFO: TokenBuild Behavior ::run [ RunTime:0.002184s ]
INFO: WriteHtmlCache Behavior ::run [ RunTime:0.001345s ]
INFO: ShowRuntime Behavior ::run [ RunTime:0.002640s ]
INFO: [ view_filter ] --END-- [ RunTime:0.009261s ]
INFO: [ view_end ] --START--
INFO: ShowPageTrace Behavior ::run [ RunTime:0.003730s ]
INFO: [ view_end ] --END-- [ RunTime:0.004038s ]

